#
# There is insufficient memory for the Java Runtime Environment to continue.
# Native memory allocation (malloc) failed to allocate 1048576 bytes for AllocateHeap
# Possible reasons:
#   The system is out of physical RAM or swap space
#   In 32 bit mode, the process size limit was hit
# Possible solutions:
#   Reduce memory load on the system
#   Increase physical memory or swap space
#   Check if swap backing store is full
#   Use 64 bit Java on a 64 bit OS
#   Decrease Java heap size (-Xmx/-Xms)
#   Decrease number of Java threads
#   Decrease Java thread stack sizes (-Xss)
#   Set larger code cache with -XX:ReservedCodeCacheSize=
# This output file may be truncated or incomplete.
#
#  Out of Memory Error (memory/allocation.inline.hpp:61), pid=7596, tid=3124
#
# JRE version:  (8.0_45-b15) (build )
# Java VM: Java HotSpot(TM) 64-Bit Server VM (25.45-b02 mixed mode windows-amd64 compressed oops)
# Failed to write core dump. Minidumps are not enabled by default on client versions of Windows
#

---------------  T H R E A D  ---------------

Current thread (0x0000000002a4d800):  JavaThread "Unknown thread" [_thread_in_vm, id=3124, stack(0x0000000002a50000,0x0000000002b50000)]

Stack: [0x0000000002a50000,0x0000000002b50000]
Native frames: (J=compiled Java code, j=interpreted, Vv=VM code, C=native code)
V  [jvm.dll+0x32b57a]


---------------  P R O C E S S  ---------------

Java Threads: ( => current thread )

Other Threads:

=>0x0000000002a4d800 (exited) JavaThread "Unknown thread" [_thread_in_vm, id=3124, stack(0x0000000002a50000,0x0000000002b50000)]

VM state:not at safepoint (normal execution)

VM Mutex/Monitor currently owned by a thread: None

Heap:
 PSYoungGen      total 28160K, used 491K [0x00000000e0c00000, 0x00000000e2b00000, 0x0000000100000000)
  eden space 24576K, 2% used [0x00000000e0c00000,0x00000000e0c7ae20,0x00000000e2400000)
  from space 3584K, 0% used [0x00000000e2780000,0x00000000e2780000,0x00000000e2b00000)
  to   space 3584K, 0% used [0x00000000e2400000,0x00000000e2400000,0x00000000e2780000)
 ParOldGen       total 64512K, used 0K [0x00000000a2400000, 0x00000000a6300000, 0x00000000e0c00000)
  object space 64512K, 0% used [0x00000000a2400000,0x00000000a2400000,0x00000000a6300000)
 Metaspace       used 749K, capacity 1092K, committed 1152K, reserved 1060864K
  class space    used 75K, capacity 384K, committed 384K, reserved 1048576K

Card table byte_map: [0x0000000003020000,0x0000000003310000] byte_map_base: 0x0000000002b0e000

Marking Bits: (ParMarkBitMap*) 0x0000000077f74040
 Begin Bits: [0x0000000003910000, 0x0000000005080000)
 End Bits:   [0x0000000005080000, 0x00000000067f0000)

Polling page: 0x0000000002a20000

CodeCache: size=245760Kb used=328Kb max_used=328Kb free=245431Kb
 bounds [0x000000000f010000, 0x000000000f280000, 0x000000001e010000]
 total_blobs=57 nmethods=0 adapters=37
 compilation: enabled

Compilation events (0 events):
No events

GC Heap History (0 events):
No events

Deoptimization events (0 events):
No events

Internal exceptions (0 events):
No events

Events (10 events):
Event: 0.028 loading class java/lang/Short
Event: 0.028 loading class java/lang/Short done
Event: 0.028 loading class java/lang/Integer
Event: 0.028 loading class java/lang/Integer done
Event: 0.028 loading class java/lang/Long
Event: 0.028 loading class java/lang/Long done
Event: 0.029 loading class java/lang/NullPointerException
Event: 0.029 loading class java/lang/NullPointerException done
Event: 0.029 loading class java/lang/ArithmeticException
Event: 0.029 loading class java/lang/ArithmeticException done


Dynamic libraries:
0x00007ff7481d0000 - 0x00007ff748207000 	C:\Program Files\Java\jre1.8.0_45\bin\javaw.exe
0x00007ffc8fd50000 - 0x00007ffc8fefc000 	C:\Windows\SYSTEM32\ntdll.dll
0x00007ffc8f040000 - 0x00007ffc8f17e000 	C:\Windows\system32\KERNEL32.DLL
0x00007ffc8d2b0000 - 0x00007ffc8d3c5000 	C:\Windows\system32\KERNELBASE.dll
0x00007ffc8b9f0000 - 0x00007ffc8ba7e000 	C:\Windows\system32\apphelp.dll
0x00007ffc7bb70000 - 0x00007ffc7bbc3000 	C:\Windows\AppPatch\AppPatch64\AcGenral.DLL
0x00007ffc8f410000 - 0x00007ffc8f4ba000 	C:\Windows\system32\msvcrt.dll
0x00007ffc8cc80000 - 0x00007ffc8ccae000 	C:\Windows\SYSTEM32\SspiCli.dll
0x00007ffc8fbc0000 - 0x00007ffc8fc14000 	C:\Windows\system32\SHLWAPI.dll
0x00007ffc8d3d0000 - 0x00007ffc8d547000 	C:\Windows\system32\USER32.dll
0x00007ffc8d550000 - 0x00007ffc8d6e4000 	C:\Windows\system32\ole32.dll
0x00007ffc8db20000 - 0x00007ffc8f038000 	C:\Windows\system32\SHELL32.dll
0x00007ffc8c530000 - 0x00007ffc8c551000 	C:\Windows\SYSTEM32\USERENV.dll
0x00007ffc8d810000 - 0x00007ffc8d8ba000 	C:\Windows\system32\ADVAPI32.dll
0x00007ffc7ffc0000 - 0x00007ffc7ffde000 	C:\Windows\SYSTEM32\MPR.dll
0x00007ffc8f910000 - 0x00007ffc8fa51000 	C:\Windows\system32\RPCRT4.dll
0x00007ffc8fc30000 - 0x00007ffc8fc89000 	C:\Windows\SYSTEM32\sechost.dll
0x00007ffc8f1f0000 - 0x00007ffc8f401000 	C:\Windows\SYSTEM32\combase.dll
0x00007ffc8fa60000 - 0x00007ffc8fbb1000 	C:\Windows\system32\GDI32.dll
0x00007ffc8cea0000 - 0x00007ffc8ceb5000 	C:\Windows\SYSTEM32\profapi.dll
0x00007ffc8b3c0000 - 0x00007ffc8b472000 	C:\Windows\SYSTEM32\SHCORE.dll
0x00007ffc8f6b0000 - 0x00007ffc8f6e6000 	C:\Windows\system32\IMM32.DLL
0x00007ffc8d990000 - 0x00007ffc8dae2000 	C:\Windows\system32\MSCTF.dll
0x00007ffc8ce50000 - 0x00007ffc8ce81000 	C:\Windows\system32\nvinitx.dll
0x00007ffc8ce40000 - 0x00007ffc8ce4a000 	C:\Windows\SYSTEM32\VERSION.dll
0x000000000f000000 - 0x000000000f006000 	C:\Program Files\NVIDIA Corporation\CoProcManager\_etoured.dll
0x00007ffc8ae50000 - 0x00007ffc8ae81000 	C:\Program Files\NVIDIA Corporation\CoProcManager\nvd3d9wrapx.dll
0x00007ffc8f4d0000 - 0x00007ffc8f6aa000 	C:\Windows\system32\SETUPAPI.dll
0x00007ffc8d260000 - 0x00007ffc8d2af000 	C:\Windows\system32\CFGMGR32.dll
0x00007ffc8ae20000 - 0x00007ffc8ae42000 	C:\Program Files\NVIDIA Corporation\CoProcManager\nvdxgiwrapx.dll
0x00007ffc8af40000 - 0x00007ffc8b1bb000 	C:\Windows\WinSxS\amd64_microsoft.windows.common-controls_6595b64144ccf1df_6.0.9600.17784_none_624760d1ecb7236e\COMCTL32.dll
0x0000000050ee0000 - 0x0000000050fb2000 	C:\Program Files\Java\jre1.8.0_45\bin\msvcr100.dll
0x0000000077770000 - 0x0000000077ff3000 	C:\Program Files\Java\jre1.8.0_45\bin\server\jvm.dll
0x00007ffc89510000 - 0x00007ffc89519000 	C:\Windows\SYSTEM32\WSOCK32.dll
0x00007ffc883e0000 - 0x00007ffc88402000 	C:\Windows\SYSTEM32\WINMM.dll
0x00007ffc8f4c0000 - 0x00007ffc8f4c7000 	C:\Windows\system32\PSAPI.DLL
0x00007ffc8f190000 - 0x00007ffc8f1ea000 	C:\Windows\system32\WS2_32.dll
0x00007ffc883a0000 - 0x00007ffc883ca000 	C:\Windows\SYSTEM32\WINMMBASE.dll
0x00007ffc8fc20000 - 0x00007ffc8fc29000 	C:\Windows\system32\NSI.dll
0x00007ffc8bc50000 - 0x00007ffc8bc78000 	C:\Windows\SYSTEM32\DEVOBJ.dll
0x0000000051ab0000 - 0x0000000051abf000 	C:\Program Files\Java\jre1.8.0_45\bin\verify.dll
0x00000000516f0000 - 0x0000000051719000 	C:\Program Files\Java\jre1.8.0_45\bin\java.dll
0x00000000516d0000 - 0x00000000516e6000 	C:\Program Files\Java\jre1.8.0_45\bin\zip.dll
0x00007ffc81650000 - 0x00007ffc817d9000 	C:\Windows\SYSTEM32\dbghelp.dll

VM Arguments:
jvm_args: -Dmaven.home=C:\Program Files\Apache Software Foundation\apache-maven-3.3.1 -Dclassworlds.conf=C:\Users\Hien\Documents\workspace\DACNPM\.metadata\.plugins\org.eclipse.m2e.launching\launches\m2conf2963965045819761235.tmp -Dmaven.multiModuleProjectDirectory=C:\Users\Hien\Documents\workspace\SVN\trunk\source\feedback -Dfile.encoding=Cp1252 
java_command: org.codehaus.plexus.classworlds.launcher.Launcher -B clean
java_class_path (initial): C:\Program Files\Apache Software Foundation\apache-maven-3.3.1\boot\plexus-classworlds-2.5.2.jar
Launcher Type: SUN_STANDARD

Environment Variables:
JAVA_HOME=C:\Program Files\Java\jdk1.8.0_45
PATH=C:\ProgramData\Oracle\Java\javapath;C:\Windows\system32;C:\Windows;C:\Windows\System32\Wbem;C:\Windows\System32\WindowsPowerShell\v1.0\;C:\Program Files (x86)\Intel\OpenCL SDK\2.0\bin\x86;C:\Program Files (x86)\Intel\OpenCL SDK\2.0\bin\x64;C:\Program Files (x86)\NVIDIA Corporation\PhysX\Common;C:\Program Files (x86)\Microsoft SQL Server\110\Tools\Binn\;C:\Program Files\Microsoft SQL Server\110\Tools\Binn\;C:\Program Files\Microsoft SQL Server\110\DTS\Binn\;C:\Program Files\Apache Software Foundation\apache-maven-3.3.1\bin;C:\Program Files (x86)\Microsoft SQL Server\110\Tools\Binn\ManagementStudio\;C:\Program Files\Apache Software Foundation\gradle-2.4\bin;C:\Program Files (x86)\Microsoft SQL Server\110\DTS\Binn\;C:\Program Files\Java\jdk1.8.0_45\bin;.;C:\Program Files (x86)\nodejs\;C:\Program Files (x86)\Skype\Phone\;C:\Program Files (x86)\Git\cmd;C:\Program Files (x86)\Git\bin;C:\PROGRA~2\Groovy\Groovy-2.4.3\bin;C:\Program Files\TortoiseGit\bin;C:\Program Files\TortoiseSVN\bin;C:\Users\Hien\AppData\Roaming\npm
USERNAME=Hien
OS=Windows_NT
PROCESSOR_IDENTIFIER=Intel64 Family 6 Model 42 Stepping 7, GenuineIntel



---------------  S Y S T E M  ---------------

OS: Windows 8.1 , 64 bit Build 9600 (6.3.9600.17415)

CPU:total 4 (2 cores per cpu, 2 threads per core) family 6 model 42 stepping 7, cmov, cx8, fxsr, mmx, sse, sse2, sse3, ssse3, sse4.1, sse4.2, popcnt, avx, aes, clmul, ht, tsc, tscinvbit

Memory: 4k page, physical 6139756k(814436k free), swap 6139756k(5092k free)

vm_info: Java HotSpot(TM) 64-Bit Server VM (25.45-b02) for windows-amd64 JRE (1.8.0_45-b15), built on Apr 30 2015 12:40:44 by "java_re" with MS VC++ 10.0 (VS2010)

time: Mon Jun 01 15:45:02 2015
elapsed time: 0 seconds (0d 0h 0m 0s)

